C:\Program Files (x86)\Microsoft Visual Studio\2019\Enterprise\MSBuild\Microsoft\VC\v160\Microsoft.CppBuild.targets(467,5): warning MSB8028: промежуточный каталог (Debug\) содержит файлы, которые используются совместно с другим проектом (GraphRostovskiy.vcxproj).  Это может привести к ошибкам очистки и перестроения.
  main.cpp
C:\Users\Николай\source\repos\Graph\glfunc.h(33,14): warning C4244: =: преобразование "float" в "int", возможна потеря данных
C:\Users\Николай\source\repos\Graph\glfunc.h(34,14): warning C4244: =: преобразование "float" в "int", возможна потеря данных
C:\Users\Николай\source\repos\Graph\glfunc.h(94,20): warning C4018: <: несоответствие типов со знаком и без знака
C:\Users\Николай\source\repos\Graph\glfunc.h(102,20): warning C4018: <: несоответствие типов со знаком и без знака
C:\Users\Николай\source\repos\Graph\glfunc.h(107,20): warning C4018: <: несоответствие типов со знаком и без знака
C:\Users\Николай\source\repos\Graph\glfunc.h(112,20): warning C4018: <: несоответствие типов со знаком и без знака
C:\Users\Николай\source\repos\Graph\glfunc.h(116,20): warning C4018: <: несоответствие типов со знаком и без знака
C:\Users\Николай\source\repos\Graph\glfunc.h(124,20): warning C4244: аргумент: преобразование "double" в "GLint", возможна потеря данных
C:\Users\Николай\source\repos\Graph\glfunc.h(124,15): warning C4244: аргумент: преобразование "double" в "GLint", возможна потеря данных
C:\Users\Николай\source\repos\Graph\glfunc.h(133,11): warning C4244: инициализация: преобразование "int" в "float", возможна потеря данных
C:\Users\Николай\source\repos\Graph\glfunc.h(134,11): warning C4244: инициализация: преобразование "int" в "float", возможна потеря данных
C:\Users\Николай\source\repos\Graph\glfunc.h(138,10): warning C4244: =: преобразование "float" в "int", возможна потеря данных
C:\Users\Николай\source\repos\Graph\glfunc.h(139,10): warning C4244: =: преобразование "float" в "int", возможна потеря данных
C:\Users\Николай\source\repos\Graph\glfunc.h(141,20): warning C4244: аргумент: преобразование "double" в "GLint", возможна потеря данных
C:\Users\Николай\source\repos\Graph\glfunc.h(141,15): warning C4244: аргумент: преобразование "double" в "GLint", возможна потеря данных
C:\Users\Николай\source\repos\Graph\glfunc.h(143,17): warning C4244: аргумент: преобразование "int" в "GLfloat", возможна потеря данных
C:\Users\Николай\source\repos\Graph\glfunc.h(143,13): warning C4244: аргумент: преобразование "int" в "GLfloat", возможна потеря данных
C:\Users\Николай\source\repos\Graph\glfunc.h(150,10): warning C4244: =: преобразование "int" в "float", возможна потеря данных
C:\Users\Николай\source\repos\Graph\glfunc.h(151,10): warning C4244: =: преобразование "int" в "float", возможна потеря данных
C:\Users\Николай\source\repos\Graph\glfunc.h(155,10): warning C4244: =: преобразование "float" в "int", возможна потеря данных
C:\Users\Николай\source\repos\Graph\glfunc.h(156,10): warning C4244: =: преобразование "float" в "int", возможна потеря данных
C:\Users\Николай\source\repos\Graph\glfunc.h(158,20): warning C4244: аргумент: преобразование "double" в "GLint", возможна потеря данных
C:\Users\Николай\source\repos\Graph\glfunc.h(158,15): warning C4244: аргумент: преобразование "double" в "GLint", возможна потеря данных
C:\Users\Николай\source\repos\Graph\glfunc.h(160,17): warning C4244: аргумент: преобразование "int" в "GLfloat", возможна потеря данных
C:\Users\Николай\source\repos\Graph\glfunc.h(160,13): warning C4244: аргумент: преобразование "int" в "GLfloat", возможна потеря данных
C:\Users\Николай\source\repos\Graph\Graph.h(36,45): warning C4244: аргумент: преобразование "time_t" в "unsigned int", возможна потеря данных
C:\Users\Николай\source\repos\Graph\Graph.h(193,27): warning C4018: <: несоответствие типов со знаком и без знака
C:\Users\Николай\source\repos\Graph\Graph.h(194,31): warning C4018: <: несоответствие типов со знаком и без знака
C:\Users\Николай\source\repos\Graph\Graph.h(198,27): warning C4018: <: несоответствие типов со знаком и без знака
C:\Users\Николай\source\repos\Graph\Graph.h(209,27): warning C4018: <: несоответствие типов со знаком и без знака
C:\Users\Николай\source\repos\Graph\Graph.h(212,27): warning C4018: <: несоответствие типов со знаком и без знака
  GraphRostovskiy.vcxproj -> C:\Users\Николай\source\repos\Graph\Debug\Kommi.exe
